2023-08-29 19:27:08.726 DEBUG 651481 --- [SpringApplicationShutdownHook] o.s.b.a.ApplicationAvailabilityBean      : Application availability state ReadinessState changed from ACCEPTING_TRAFFIC to REFUSING_TRAFFIC
2023-08-29 19:27:08.751 DEBUG 651481 --- [SpringApplicationShutdownHook] o.s.b.a.ApplicationAvailabilityBean      : Application availability state ReadinessState changed from ACCEPTING_TRAFFIC to REFUSING_TRAFFIC
2023-08-29 19:27:08.757 DEBUG 651481 --- [SpringApplicationShutdownHook] ConfigServletWebServerApplicationContext : Closing org.springframework.boot.web.servlet.context.AnnotationConfigServletWebServerApplicationContext@38831718, started on Sat Aug 19 19:56:08 UTC 2023, parent: org.springframework.context.annotation.AnnotationConfigApplicationContext@7a419da4
2023-08-29 19:27:08.783  INFO 651481 --- [SpringApplicationShutdownHook] io.undertow                              : stopping server: Undertow - 2.2.16.Final
2023-08-29 19:27:08.792  INFO 651481 --- [SpringApplicationShutdownHook] io.undertow.servlet                      : Destroying Spring FrameworkServlet 'dispatcherServlet'
2023-08-29 19:27:08.805  INFO 651481 --- [SpringApplicationShutdownHook] c.s.d.l.tools.GarbageCollectionMonitor   : GC monitoring disabled.
2023-08-29 19:27:08.807 ERROR 651481 --- [XNIO-1 I/O-3] org.xnio.listener                        : XNIO001007: A channel event listener threw an exception

java.util.concurrent.RejectedExecutionException: XNIO007007: Thread is terminating
	at org.xnio.nio.WorkerThread.execute(WorkerThread.java:620) ~[xnio-nio-3.8.6.Final.jar!/:3.8.6.Final]
	at io.undertow.websockets.jsr.UndertowSession$3.handleEvent(UndertowSession.java:396) ~[undertow-websockets-jsr-2.2.16.Final.jar!/:2.2.16.Final]
	at io.undertow.websockets.jsr.UndertowSession$3.handleEvent(UndertowSession.java:388) ~[undertow-websockets-jsr-2.2.16.Final.jar!/:2.2.16.Final]
	at org.xnio.ChannelListeners.invokeChannelListener(ChannelListeners.java:92) ~[xnio-api-3.8.6.Final.jar!/:3.8.6.Final]
	at io.undertow.server.protocol.framed.AbstractFramedChannel$FrameCloseListener.handleEvent(AbstractFramedChannel.java:1081) ~[undertow-core-2.2.16.Final.jar!/:2.2.16.Final]
	at io.undertow.server.protocol.framed.AbstractFramedChannel$FrameCloseListener.handleEvent(AbstractFramedChannel.java:994) ~[undertow-core-2.2.16.Final.jar!/:2.2.16.Final]
	at org.xnio.ChannelListeners.invokeChannelListener(ChannelListeners.java:92) ~[xnio-api-3.8.6.Final.jar!/:3.8.6.Final]
	at org.xnio.conduits.WriteReadyHandler$ChannelListenerHandler.terminated(WriteReadyHandler.java:70) ~[xnio-api-3.8.6.Final.jar!/:3.8.6.Final]
	at org.xnio.nio.NioSocketConduit.writeTerminated(NioSocketConduit.java:204) ~[xnio-nio-3.8.6.Final.jar!/:3.8.6.Final]
	at org.xnio.nio.NioSocketConduit.terminateWrites(NioSocketConduit.java:193) ~[xnio-nio-3.8.6.Final.jar!/:3.8.6.Final]
	at org.xnio.nio.NioSocketConduit.truncateWrites(NioSocketConduit.java:198) ~[xnio-nio-3.8.6.Final.jar!/:3.8.6.Final]
	at io.undertow.conduits.IdleTimeoutConduit.truncateWrites(IdleTimeoutConduit.java:387) ~[undertow-core-2.2.16.Final.jar!/:2.2.16.Final]
	at org.xnio.conduits.ConduitStreamSinkChannel.close(ConduitStreamSinkChannel.java:186) ~[xnio-api-3.8.6.Final.jar!/:3.8.6.Final]
	at org.xnio.IoUtils.safeClose(IoUtils.java:152) ~[xnio-api-3.8.6.Final.jar!/:3.8.6.Final]
	at org.xnio.conduits.WriteReadyHandler$ChannelListenerHandler.forceTermination(WriteReadyHandler.java:57) ~[xnio-api-3.8.6.Final.jar!/:3.8.6.Final]
	at org.xnio.nio.NioSocketConduit.forceTermination(NioSocketConduit.java:108) ~[xnio-nio-3.8.6.Final.jar!/:3.8.6.Final]
	at org.xnio.nio.WorkerThread.run(WorkerThread.java:507) ~[xnio-nio-3.8.6.Final.jar!/:3.8.6.Final]

